2022-08-03 14:10:24 FATAL [executor-thread-0]: Exception: class java.nio.file.AccessDeniedExceptionError when copying file
2022-08-03 14:10:44 FATAL [executor-thread-0]: Exception: class java.nio.file.AccessDeniedExceptionError when copying file
2022-08-03 14:12:01 FATAL [executor-thread-0]: Exception: class java.nio.file.AccessDeniedExceptionThe filesrc\test\resources\initialData\Война и мир.txtis not copied, there is no access,
2022-08-03 14:12:40 FATAL [executor-thread-0]: Exception: class java.nio.file.AccessDeniedException The file Война и мир.txt is not copied, there is no access,
2022-08-03 14:14:12 FATAL [executor-thread-0]: Exception: class java.nio.file.AccessDeniedException. The file Война и мир.txt is not copied, there is no access,
2022-08-03 14:18:16 FATAL [main]: Exception: class java.nio.file.AccessDeniedException. The file Война и мир.txt is not copied, there is no access,
2022-08-03 14:18:37 FATAL [main]: Exception: class java.nio.file.AccessDeniedException. The file Война и мир.txt is not copied, there is no access,
2022-08-03 14:19:36 FATAL [main]: Exception: class java.nio.file.AccessDeniedException. The file Пустой.txt is not copied, there is no access,
2022-08-03 14:21:05 FATAL [executor-thread-0]: Exception: class java.nio.file.AccessDeniedException. The file Пустой.txt is not copied, there is no access,
2022-08-03 14:21:59 FATAL [executor-thread-0]: Exception: class java.nio.file.FileSystemException. Error when copying file
2022-08-03 14:21:59 FATAL [executor-thread-0]: Exception: class java.nio.file.AccessDeniedException. The file Пустой.txt is not copied, there is no access,
2022-08-03 14:22:00 FATAL [executor-thread-0]: Exception: class java.nio.file.FileSystemException. Error when copying file
2022-08-03 14:22:00 FATAL [executor-thread-0]: Exception: class java.nio.file.AccessDeniedException. The file Пустой.txt is not copied, there is no access,
2022-08-03 14:22:18 FATAL [main]: Exception: class java.nio.file.AccessDeniedException. The file Пустой.txt is not copied, there is no access,
2022-08-03 14:41:43 FATAL [executor-thread-0]: Exception: class java.nio.file.AccessDeniedException. The file Пустой.txt is not copied, there is no access,
2022-08-03 14:48:20 FATAL [executor-thread-0]: Exception: class java.nio.file.AccessDeniedException. The file Пустой.txt is not copied, there is no access,
2022-08-03 14:49:26 FATAL [executor-thread-0]: Exception: class java.nio.file.AccessDeniedException. The file Пустой.txt is not copied, there is no access,
2022-08-03 14:50:28 FATAL [executor-thread-0]: Exception: class java.nio.file.AccessDeniedException. The file Пустой.txt is not copied, there is no access,
2022-08-03 14:50:56 FATAL [executor-thread-0]: Exception: class java.nio.file.AccessDeniedException. The file Пустой.txt is not copied, there is no access,
2022-08-03 14:51:33 FATAL [executor-thread-0]: Exception: class java.nio.file.AccessDeniedException. The file Пустой.txt is not copied, there is no access,
2022-08-03 14:51:55 FATAL [executor-thread-0]: Exception: class java.nio.file.AccessDeniedException. The file Пустой.txt is not copied, there is no access,
2022-08-03 15:00:26 FATAL [executor-thread-0]: Exception: class java.nio.file.AccessDeniedException. The file Пустой.txt is not copied, there is no access,
2022-08-03 15:04:08 FATAL [executor-thread-0]: Exception: class java.nio.file.AccessDeniedException. The file Пустой.txt is not copied, there is no access,
2022-08-03 15:05:09 FATAL [executor-thread-0]: Exception: class java.nio.file.AccessDeniedException. The file Пустой.txt is not copied, there is no access,
2022-08-03 15:05:41 FATAL [executor-thread-0]: Exception: class java.nio.file.AccessDeniedException. The file Пустой.txt is not copied, there is no access,
2022-08-03 15:07:28 FATAL [executor-thread-0]: Exception: class java.nio.file.AccessDeniedException. The file Пустой.txt is not copied, there is no access,
2022-08-03 15:08:19 FATAL [executor-thread-0]: Exception: class java.nio.file.AccessDeniedException. The file Пустой.txt is not copied, there is no access,
2022-08-03 15:08:49 FATAL [executor-thread-0]: Exception: class java.nio.file.AccessDeniedException. The file Пустой.txt is not copied, there is no access,
2022-08-03 15:09:44 FATAL [executor-thread-0]: Exception: class java.nio.file.AccessDeniedException. The file Пустой.txt is not copied, there is no access,
2022-08-03 15:11:30 FATAL [executor-thread-0]: Exception: class java.nio.file.AccessDeniedException. The file Пустой.txt is not copied, there is no access,
2022-08-08 13:41:27 FATAL [executor-thread-0]: Exception: class java.nio.file.AccessDeniedException. The file Пустой.txt is not copied, there is no access,
2022-08-08 13:49:20 FATAL [executor-thread-0]: Exception: class java.nio.file.AccessDeniedException. The file Пустой.txt is not copied, there is no access,
